[04-Jun-2026 14:32:29 Europe/Kiev] [2026-06-04 14:32:29] POST to students_edit.php. POST keys: form_pr_stud, form_im_stud, form_bat_stud, form_sex, form_date_nar, form_group, form_zamovl_stud, form_zscool, form_osvita_stud, form_reg_type_stud, form_region_stud, form_adres, id
[04-Jun-2026 14:36:13 Europe/Kiev] [2026-06-04 14:36:13] POST to students_edit.php. POST keys: form_pr_stud, form_im_stud, form_bat_stud, form_sex, form_date_nar, form_group, form_zamovl_stud, form_zscool, form_osvita_stud, form_reg_type_stud, form_region_stud, form_adres, id
[04-Jun-2026 14:36:22 Europe/Kiev] [2026-06-04 14:36:22] POST to students_edit.php. POST keys: form_pr_stud, form_im_stud, form_bat_stud, form_sex, form_stat_select, form_date_nar, form_group, form_zamovl_stud, form_zamovl, form_zscool, form_osvita_stud, form_reg_type_stud, form_reg_type, form_region_stud, form_region, form_adres, id, form_galuz, form_spec, form_vip
[04-Jun-2026 22:15:16 Europe/Kiev] [2026-06-04 22:15:16] POST to students_edit.php. POST keys: form_pr_stud, form_im_stud, form_bat_stud, form_sex, form_date_nar, form_group, form_zamovl_stud, form_zscool, form_osvita_stud, form_reg_type_stud, form_region_stud, form_adres, id
[04-Jun-2026 22:15:28 Europe/Kiev] [2026-06-04 22:15:28] POST to students_edit.php. POST keys: 
[04-Jun-2026 22:23:56 Europe/Kiev] [2026-06-04 22:23:56] POST to students_edit.php. POST keys: 
[04-Jun-2026 22:33:57 Europe/Kiev] [2026-06-04 22:33:57] POST to students_edit.php. POST keys: form_pr_stud, form_im_stud, form_bat_stud, form_sex, form_date_nar, form_group, form_zamovl_stud, form_zscool, form_osvita_stud, form_reg_type_stud, form_region_stud, form_adres, id
[04-Jun-2026 22:34:15 Europe/Kiev] [2026-06-04 22:34:15] POST to students_edit.php. POST keys: form_pr_stud, form_im_stud, form_bat_stud, form_sex, form_date_nar, form_group, form_zamovl_stud, form_zscool, form_osvita_stud, form_reg_type_stud, form_region_stud, form_adres, id
[04-Jun-2026 22:34:22 Europe/Kiev] [2026-06-04 22:34:22] POST to students_edit.php. POST keys: form_pr_stud, form_im_stud, form_bat_stud, form_sex, form_date_nar, form_group, form_zamovl_stud, form_zscool, form_osvita_stud, form_reg_type_stud, form_region_stud, form_adres, id
[04-Jun-2026 22:34:39 Europe/Kiev] [2026-06-04 22:34:39] POST to students_edit.php. POST keys: form_pr_stud, form_im_stud, form_bat_stud, form_sex, form_date_nar, form_group, form_zamovl_stud, form_zscool, form_osvita_stud, form_reg_type_stud, form_region_stud, form_adres, id
[04-Jun-2026 22:34:47 Europe/Kiev] [2026-06-04 22:34:47] POST to students_edit.php. POST keys: form_pr_stud, form_im_stud, form_bat_stud, form_sex, form_date_nar, form_group, form_zamovl_stud, form_zscool, form_osvita_stud, form_reg_type_stud, form_region_stud, form_adres, id
[04-Jun-2026 22:34:50 Europe/Kiev] [2026-06-04 22:34:50] POST to students_edit.php. POST keys: form_pr_stud, form_im_stud, form_bat_stud, form_sex, form_date_nar, form_group, form_zamovl_stud, form_zscool, form_osvita_stud, form_reg_type_stud, form_region_stud, form_adres, id
[05-Jun-2026 01:44:41 Europe/Kiev] [2026-06-05 01:44:41] POST to students_edit.php. POST keys: form_pr_stud, form_im_stud, form_bat_stud, form_sex, form_date_nar, form_group, form_zamovl_stud, form_zscool, form_osvita_stud, form_reg_type_stud, form_region_stud, form_adres, id
[05-Jun-2026 02:08:15 Europe/Kiev] [2026-06-05 02:08:15] POST to students_edit.php. POST keys: form_pr_stud, form_im_stud, form_bat_stud, form_sex, form_date_nar, form_group, form_zamovl_stud, form_zscool, form_osvita_stud, form_reg_type_stud, form_region_stud, form_region, form_adres, id
[05-Jun-2026 02:08:30 Europe/Kiev] [2026-06-05 02:08:30] POST to students_edit.php. POST keys: form_pr_stud, form_im_stud, form_bat_stud, form_sex, form_date_nar, form_group, form_zamovl_stud, form_zscool, form_osvita_stud, form_reg_type_stud, form_region_stud, form_region, form_adres, id
[05-Jun-2026 02:12:46 Europe/Kiev] [2026-06-05 02:12:46] POST to students_edit.php. POST keys: form_pr_stud, form_im_stud, form_bat_stud, form_sex, form_date_nar, form_group, form_zamovl_stud, form_zscool, form_osvita_stud, form_reg_type_stud, form_region_stud, form_adres, id
[05-Jun-2026 02:12:46 Europe/Kiev] [2026-06-05 02:12:46] StudentEdit Error: syntax error, unexpected token "catch"
File: C:\Users\owner\Desktop\Politeh\backend\backend-coursework-program\modules\Students\Controllers\StudentController.php:180
Stack: #0 C:\Users\owner\Desktop\Politeh\backend\backend-coursework-program\admin\api\crud\students_edit.php(69): Autoloader->load()
#1 {main}
[05-Jun-2026 02:19:08 Europe/Kiev] [2026-06-05 02:19:08] POST to students_edit.php. POST keys: form_pr_stud, form_im_stud, form_bat_stud, form_sex, form_date_nar, form_group, form_zamovl_stud, form_zscool, form_osvita_stud, form_reg_type_stud, form_region_stud, form_adres, id
[05-Jun-2026 02:19:08 Europe/Kiev] [2026-06-05 02:19:08] StudentEdit Error: syntax error, unexpected token "catch"
File: C:\Users\owner\Desktop\Politeh\backend\backend-coursework-program\modules\Students\Controllers\StudentController.php:184
Stack: #0 C:\Users\owner\Desktop\Politeh\backend\backend-coursework-program\admin\api\crud\students_edit.php(69): Autoloader->load()
#1 {main}
[05-Jun-2026 02:22:56 Europe/Kiev] [2026-06-05 02:22:56] POST to students_edit.php. POST keys: form_pr_stud, form_im_stud, form_bat_stud, form_sex, form_date_nar, form_group, form_zamovl_stud, form_zscool, form_osvita_stud, form_reg_type_stud, form_region_stud, form_adres, id
[05-Jun-2026 02:23:36 Europe/Kiev] [2026-06-05 02:23:36] POST to students_edit.php. POST keys: form_pr_stud, form_im_stud, form_bat_stud, form_sex, form_date_nar, form_group, form_zamovl_stud, form_zscool, form_osvita_stud, form_reg_type_stud, form_region_stud, form_adres, id
[05-Jun-2026 02:23:36 Europe/Kiev] PHP Warning:  Undefined variable $updatedStudent in C:\Users\owner\Desktop\Politeh\backend\backend-coursework-program\modules\Students\Controllers\StudentController.php on line 89
[05-Jun-2026 02:23:44 Europe/Kiev] [2026-06-05 02:23:44] POST to students_edit.php. POST keys: form_pr_stud, form_im_stud, form_bat_stud, form_sex, form_date_nar, form_group, form_zamovl_stud, form_zscool, form_osvita_stud, form_reg_type_stud, form_region_stud, form_adres, id
[05-Jun-2026 02:23:44 Europe/Kiev] PHP Warning:  Undefined variable $updatedStudent in C:\Users\owner\Desktop\Politeh\backend\backend-coursework-program\modules\Students\Controllers\StudentController.php on line 89
[05-Jun-2026 02:24:04 Europe/Kiev] [2026-06-05 02:24:04] POST to students_edit.php. POST keys: form_pr_stud, form_im_stud, form_bat_stud, form_sex, form_date_nar, form_group, form_zamovl_stud, form_zscool, form_osvita_stud, form_reg_type_stud, form_region_stud, form_adres, id
[05-Jun-2026 02:24:19 Europe/Kiev] [2026-06-05 02:24:19] POST to students_edit.php. POST keys: form_pr_stud, form_im_stud, form_bat_stud, form_sex, form_date_nar, form_group, form_zamovl_stud, form_zscool, form_osvita_stud, form_reg_type_stud, form_region_stud, form_adres, id
[05-Jun-2026 02:24:25 Europe/Kiev] [2026-06-05 02:24:25] POST to students_edit.php. POST keys: form_pr_stud, form_im_stud, form_bat_stud, form_sex, form_date_nar, form_group, form_zamovl_stud, form_zscool, form_osvita_stud, form_reg_type_stud, form_region_stud, form_adres, id
[05-Jun-2026 02:25:26 Europe/Kiev] [2026-06-05 02:25:26] POST to students_edit.php. POST keys: form_pr_stud, form_im_stud, form_bat_stud, form_sex, form_date_nar, form_group, form_zamovl_stud, form_zscool, form_osvita_stud, form_reg_type_stud, form_region_stud, form_adres, id
[05-Jun-2026 02:25:55 Europe/Kiev] [2026-06-05 02:25:55] POST to students_edit.php. POST keys: form_pr_stud, form_im_stud, form_bat_stud, form_sex, form_date_nar, form_group, form_zamovl_stud, form_zscool, form_osvita_stud, form_reg_type_stud, form_region_stud, form_adres, id
[05-Jun-2026 02:26:43 Europe/Kiev] [2026-06-05 02:26:43] POST to students_edit.php. POST keys: form_pr_stud, form_im_stud, form_bat_stud, form_sex, form_date_nar, form_group, form_zamovl_stud, form_zscool, form_osvita_stud, form_reg_type_stud, form_region_stud, form_adres, id
[05-Jun-2026 02:26:54 Europe/Kiev] [2026-06-05 02:26:54] POST to students_edit.php. POST keys: form_pr_stud, form_im_stud, form_bat_stud, form_sex, form_date_nar, form_group, form_zamovl_stud, form_zscool, form_osvita_stud, form_reg_type_stud, form_region_stud, form_adres, id
[05-Jun-2026 02:27:06 Europe/Kiev] [2026-06-05 02:27:06] POST to students_edit.php. POST keys: form_pr_stud, form_im_stud, form_bat_stud, form_sex, form_date_nar, form_group, form_zamovl_stud, form_zscool, form_osvita_stud, form_reg_type_stud, form_region_stud, form_adres, id
